Determining if the pthread_create exist failed with the following output:
Change Dir: /home/fhm-capra/Desktop/Tidy/cmake-build-debug/CMakeFiles/CMakeTmp

Run Build Command:"/usr/bin/make" "cmTC_3830b/fast"
/usr/bin/make -f CMakeFiles/cmTC_3830b.dir/build.make CMakeFiles/cmTC_3830b.dir/build
make[1]: Entering directory '/home/fhm-capra/Desktop/Tidy/cmake-build-debug/CMakeFiles/CMakeTmp'
Building C object CMakeFiles/cmTC_3830b.dir/CheckSymbolExists.c.o
/usr/bin/cc    -o CMakeFiles/cmTC_3830b.dir/CheckSymbolExists.c.o   -c /home/fhm-capra/Desktop/Tidy/cmake-build-debug/CMakeFiles/CMakeTmp/CheckSymbolExists.c
Linking C executable cmTC_3830b
/opt/clion-2018.2.6/bin/cmake/linux/bin/cmake -E cmake_link_script CMakeFiles/cmTC_3830b.dir/link.txt --verbose=1
/usr/bin/cc      -rdynamic CMakeFiles/cmTC_3830b.dir/CheckSymbolExists.c.o  -o cmTC_3830b 
CMakeFiles/cmTC_3830b.dir/CheckSymbolExists.c.o: In function `main':
CheckSymbolExists.c:(.text+0x16): undefined reference to `pthread_create'
collect2: error: ld returned 1 exit status
CMakeFiles/cmTC_3830b.dir/build.make:86: recipe for target 'cmTC_3830b' failed
make[1]: *** [cmTC_3830b] Error 1
make[1]: Leaving directory '/home/fhm-capra/Desktop/Tidy/cmake-build-debug/CMakeFiles/CMakeTmp'
Makefile:121: recipe for target 'cmTC_3830b/fast' failed
make: *** [cmTC_3830b/fast] Error 2

File /home/fhm-capra/Desktop/Tidy/cmake-build-debug/CMakeFiles/CMakeTmp/CheckSymbolExists.c:
/* */
#include <pthread.h>

int main(int argc, char** argv)
{
  (void)argv;
#ifndef pthread_create
  return ((int*)(&pthread_create))[argc];
#else
  (void)argc;
  return 0;
#endif
}

Determining if the function pthread_create exists in the pthreads failed with the following output:
Change Dir: /home/fhm-capra/Desktop/Tidy/cmake-build-debug/CMakeFiles/CMakeTmp

Run Build Command:"/usr/bin/make" "cmTC_2069c/fast"
/usr/bin/make -f CMakeFiles/cmTC_2069c.dir/build.make CMakeFiles/cmTC_2069c.dir/build
make[1]: Entering directory '/home/fhm-capra/Desktop/Tidy/cmake-build-debug/CMakeFiles/CMakeTmp'
Building C object CMakeFiles/cmTC_2069c.dir/CheckFunctionExists.c.o
/usr/bin/cc   -DCHECK_FUNCTION_EXISTS=pthread_create   -o CMakeFiles/cmTC_2069c.dir/CheckFunctionExists.c.o   -c /opt/clion-2018.2.6/bin/cmake/linux/share/cmake-3.12/Modules/CheckFunctionExists.c
Linking C executable cmTC_2069c
/opt/clion-2018.2.6/bin/cmake/linux/bin/cmake -E cmake_link_script CMakeFiles/cmTC_2069c.dir/link.txt --verbose=1
/usr/bin/cc  -DCHECK_FUNCTION_EXISTS=pthread_create    -rdynamic CMakeFiles/cmTC_2069c.dir/CheckFunctionExists.c.o  -o cmTC_2069c -lpthreads 
/usr/bin/ld: cannot find -lpthreads
collect2: error: ld returned 1 exit status
CMakeFiles/cmTC_2069c.dir/build.make:86: recipe for target 'cmTC_2069c' failed
make[1]: *** [cmTC_2069c] Error 1
make[1]: Leaving directory '/home/fhm-capra/Desktop/Tidy/cmake-build-debug/CMakeFiles/CMakeTmp'
Makefile:121: recipe for target 'cmTC_2069c/fast' failed
make: *** [cmTC_2069c/fast] Error 2


